Info: Starting: Create block symbol file (.bsf)
Info: qsys-generate H:\Maxime\Documents\Unif\Master\mecatro\Botassium_Programming\Botassium_FPGA\botassium.qsys --block-symbol-file --output-directory=H:\Maxime\Documents\Unif\Master\mecatro\Botassium_Programming\Botassium_FPGA\botassium --family="Cyclone IV E" --part=EP4CE22F17C6
Progress: Loading Botassium_FPGA/botassium.qsys
Progress: Reading input file
Progress: Adding CPU [altera_nios2_gen2 18.1]
Progress: Parameterizing module CPU
Progress: Adding clk_0 [clock_source 18.1]
Progress: Parameterizing module clk_0
Progress: Adding jtag_uart_0 [altera_avalon_jtag_uart 18.1]
Progress: Parameterizing module jtag_uart_0
Progress: Adding nios_mem [altera_avalon_onchip_memory2 18.1]
Progress: Parameterizing module nios_mem
Progress: Adding onchip_memory2_0 [altera_avalon_onchip_memory2 18.1]
Progress: Parameterizing module onchip_memory2_0
Progress: Adding sysid_qsys_0 [altera_avalon_sysid_qsys 18.1]
Progress: Parameterizing module sysid_qsys_0
Progress: Adding timer_0 [altera_avalon_timer 18.1]
Progress: Parameterizing module timer_0
Progress: Building connections
Progress: Parameterizing connections
Progress: Validating
Progress: Done reading input file
Info: botassium.jtag_uart_0: JTAG UART IP input clock need to be at least double (2x) the operating frequency of JTAG TCK on board
Info: botassium.sysid_qsys_0: System ID is not assigned automatically. Edit the System ID parameter to provide a unique ID
Info: botassium.sysid_qsys_0: Time stamp will be automatically updated when this component is generated.
Info: qsys-generate succeeded.
Info: Finished: Create block symbol file (.bsf)
Info: 
Info: Starting: Create HDL design files for synthesis
Info: qsys-generate H:\Maxime\Documents\Unif\Master\mecatro\Botassium_Programming\Botassium_FPGA\botassium.qsys --synthesis=VERILOG --output-directory=H:\Maxime\Documents\Unif\Master\mecatro\Botassium_Programming\Botassium_FPGA\botassium\synthesis --family="Cyclone IV E" --part=EP4CE22F17C6
Progress: Loading Botassium_FPGA/botassium.qsys
Progress: Reading input file
Progress: Adding CPU [altera_nios2_gen2 18.1]
Progress: Parameterizing module CPU
Progress: Adding clk_0 [clock_source 18.1]
Progress: Parameterizing module clk_0
Progress: Adding jtag_uart_0 [altera_avalon_jtag_uart 18.1]
Progress: Parameterizing module jtag_uart_0
Progress: Adding nios_mem [altera_avalon_onchip_memory2 18.1]
Progress: Parameterizing module nios_mem
Progress: Adding onchip_memory2_0 [altera_avalon_onchip_memory2 18.1]
Progress: Parameterizing module onchip_memory2_0
Progress: Adding sysid_qsys_0 [altera_avalon_sysid_qsys 18.1]
Progress: Parameterizing module sysid_qsys_0
Progress: Adding timer_0 [altera_avalon_timer 18.1]
Progress: Parameterizing module timer_0
Progress: Building connections
Progress: Parameterizing connections
Progress: Validating
Progress: Done reading input file
Info: botassium.jtag_uart_0: JTAG UART IP input clock need to be at least double (2x) the operating frequency of JTAG TCK on board
Info: botassium.sysid_qsys_0: System ID is not assigned automatically. Edit the System ID parameter to provide a unique ID
Info: botassium.sysid_qsys_0: Time stamp will be automatically updated when this component is generated.
Info: botassium: Generating botassium "botassium" for QUARTUS_SYNTH
Info: CPU: "botassium" instantiated altera_nios2_gen2 "CPU"
Info: jtag_uart_0: Starting RTL generation for module 'botassium_jtag_uart_0'
Info: jtag_uart_0:   Generation command is [exec C:/intelfpga_lite/18.1/quartus/bin64/perl/bin/perl.exe -I C:/intelfpga_lite/18.1/quartus/bin64/perl/lib -I C:/intelfpga_lite/18.1/quartus/sopc_builder/bin/europa -I C:/intelfpga_lite/18.1/quartus/sopc_builder/bin/perl_lib -I C:/intelfpga_lite/18.1/quartus/sopc_builder/bin -I C:/intelfpga_lite/18.1/quartus/../ip/altera/sopc_builder_ip/common -I C:/intelfpga_lite/18.1/quartus/../ip/altera/sopc_builder_ip/altera_avalon_jtag_uart -- C:/intelfpga_lite/18.1/quartus/../ip/altera/sopc_builder_ip/altera_avalon_jtag_uart/generate_rtl.pl --name=botassium_jtag_uart_0 --dir=C:/Users/MAXIME~1/AppData/Local/Temp/alt7986_4135110897818469483.dir/0002_jtag_uart_0_gen/ --quartus_dir=C:/intelfpga_lite/18.1/quartus --verilog --config=C:/Users/MAXIME~1/AppData/Local/Temp/alt7986_4135110897818469483.dir/0002_jtag_uart_0_gen//botassium_jtag_uart_0_component_configuration.pl  --do_build_sim=0  ]
Info: jtag_uart_0: Done RTL generation for module 'botassium_jtag_uart_0'
Info: jtag_uart_0: "botassium" instantiated altera_avalon_jtag_uart "jtag_uart_0"
Info: nios_mem: Starting RTL generation for module 'botassium_nios_mem'
Info: nios_mem:   Generation command is [exec C:/intelfpga_lite/18.1/quartus/bin64/perl/bin/perl.exe -I C:/intelfpga_lite/18.1/quartus/bin64/perl/lib -I C:/intelfpga_lite/18.1/quartus/sopc_builder/bin/europa -I C:/intelfpga_lite/18.1/quartus/sopc_builder/bin/perl_lib -I C:/intelfpga_lite/18.1/quartus/sopc_builder/bin -I C:/intelfpga_lite/18.1/quartus/../ip/altera/sopc_builder_ip/common -I C:/intelfpga_lite/18.1/quartus/../ip/altera/sopc_builder_ip/altera_avalon_onchip_memory2 -- C:/intelfpga_lite/18.1/quartus/../ip/altera/sopc_builder_ip/altera_avalon_onchip_memory2/generate_rtl.pl --name=botassium_nios_mem --dir=C:/Users/MAXIME~1/AppData/Local/Temp/alt7986_4135110897818469483.dir/0003_nios_mem_gen/ --quartus_dir=C:/intelfpga_lite/18.1/quartus --verilog --config=C:/Users/MAXIME~1/AppData/Local/Temp/alt7986_4135110897818469483.dir/0003_nios_mem_gen//botassium_nios_mem_component_configuration.pl  --do_build_sim=0  ]
Info: nios_mem: Done RTL generation for module 'botassium_nios_mem'
Info: nios_mem: "botassium" instantiated altera_avalon_onchip_memory2 "nios_mem"
Info: onchip_memory2_0: Starting RTL generation for module 'botassium_onchip_memory2_0'
Info: onchip_memory2_0:   Generation command is [exec C:/intelfpga_lite/18.1/quartus/bin64/perl/bin/perl.exe -I C:/intelfpga_lite/18.1/quartus/bin64/perl/lib -I C:/intelfpga_lite/18.1/quartus/sopc_builder/bin/europa -I C:/intelfpga_lite/18.1/quartus/sopc_builder/bin/perl_lib -I C:/intelfpga_lite/18.1/quartus/sopc_builder/bin -I C:/intelfpga_lite/18.1/quartus/../ip/altera/sopc_builder_ip/common -I C:/intelfpga_lite/18.1/quartus/../ip/altera/sopc_builder_ip/altera_avalon_onchip_memory2 -- C:/intelfpga_lite/18.1/quartus/../ip/altera/sopc_builder_ip/altera_avalon_onchip_memory2/generate_rtl.pl --name=botassium_onchip_memory2_0 --dir=C:/Users/MAXIME~1/AppData/Local/Temp/alt7986_4135110897818469483.dir/0004_onchip_memory2_0_gen/ --quartus_dir=C:/intelfpga_lite/18.1/quartus --verilog --config=C:/Users/MAXIME~1/AppData/Local/Temp/alt7986_4135110897818469483.dir/0004_onchip_memory2_0_gen//botassium_onchip_memory2_0_component_configuration.pl  --do_build_sim=0  ]
Info: onchip_memory2_0: Done RTL generation for module 'botassium_onchip_memory2_0'
Info: onchip_memory2_0: "botassium" instantiated altera_avalon_onchip_memory2 "onchip_memory2_0"
Info: sysid_qsys_0: "botassium" instantiated altera_avalon_sysid_qsys "sysid_qsys_0"
Info: timer_0: Starting RTL generation for module 'botassium_timer_0'
Info: timer_0:   Generation command is [exec C:/intelFPGA_lite/18.1/quartus/bin64//perl/bin/perl.exe -I C:/intelFPGA_lite/18.1/quartus/bin64//perl/lib -I C:/intelfpga_lite/18.1/quartus/sopc_builder/bin/europa -I C:/intelfpga_lite/18.1/quartus/sopc_builder/bin/perl_lib -I C:/intelfpga_lite/18.1/quartus/sopc_builder/bin -I C:/intelfpga_lite/18.1/quartus/../ip/altera/sopc_builder_ip/common -I C:/intelfpga_lite/18.1/quartus/../ip/altera/sopc_builder_ip/altera_avalon_timer -- C:/intelfpga_lite/18.1/quartus/../ip/altera/sopc_builder_ip/altera_avalon_timer/generate_rtl.pl --name=botassium_timer_0 --dir=C:/Users/MAXIME~1/AppData/Local/Temp/alt7986_4135110897818469483.dir/0006_timer_0_gen/ --quartus_dir=C:/intelfpga_lite/18.1/quartus --verilog --config=C:/Users/MAXIME~1/AppData/Local/Temp/alt7986_4135110897818469483.dir/0006_timer_0_gen//botassium_timer_0_component_configuration.pl  --do_build_sim=0  ]
Info: timer_0: Done RTL generation for module 'botassium_timer_0'
Info: timer_0: "botassium" instantiated altera_avalon_timer "timer_0"
Info: avalon_st_adapter: Inserting error_adapter: error_adapter_0
Info: avalon_st_adapter_001: Inserting error_adapter: error_adapter_0
Info: avalon_st_adapter_002: Inserting error_adapter: error_adapter_0
Info: avalon_st_adapter_003: Inserting error_adapter: error_adapter_0
Info: avalon_st_adapter_004: Inserting error_adapter: error_adapter_0
Info: avalon_st_adapter_005: Inserting error_adapter: error_adapter_0
Info: mm_interconnect_0: "botassium" instantiated altera_mm_interconnect "mm_interconnect_0"
Info: irq_mapper: "botassium" instantiated altera_irq_mapper "irq_mapper"
Info: rst_controller: "botassium" instantiated altera_reset_controller "rst_controller"
Info: cpu: Starting RTL generation for module 'botassium_CPU_cpu'
Info: cpu:   Generation command is [exec C:/intelFPGA_lite/18.1/quartus/bin64//eperlcmd.exe -I C:/intelFPGA_lite/18.1/quartus/bin64//perl/lib -I C:/intelfpga_lite/18.1/quartus/sopc_builder/bin/europa -I C:/intelfpga_lite/18.1/quartus/sopc_builder/bin/perl_lib -I C:/intelfpga_lite/18.1/quartus/sopc_builder/bin -I C:/intelfpga_lite/18.1/quartus/../ip/altera/nios2_ip/altera_nios2_gen2/cpu_lib -I C:/intelfpga_lite/18.1/quartus/../ip/altera/nios2_ip/altera_nios2_gen2/nios_lib -I C:/intelfpga_lite/18.1/quartus/../ip/altera/nios2_ip/altera_nios2_gen2 -I C:/intelfpga_lite/18.1/quartus/../ip/altera/nios2_ip/altera_nios2_gen2 -- C:/intelfpga_lite/18.1/quartus/../ip/altera/nios2_ip/altera_nios2_gen2/generate_rtl.epl --name=botassium_CPU_cpu --dir=C:/Users/MAXIME~1/AppData/Local/Temp/alt7986_4135110897818469483.dir/0009_cpu_gen/ --quartus_bindir=C:/intelFPGA_lite/18.1/quartus/bin64/ --verilog --config=C:/Users/MAXIME~1/AppData/Local/Temp/alt7986_4135110897818469483.dir/0009_cpu_gen//botassium_CPU_cpu_processor_configuration.pl  --do_build_sim=0  ]
Info: cpu: # 2019.03.31 14:40:21 (*) Starting Nios II generation
Info: cpu: # 2019.03.31 14:40:21 (*)   Checking for plaintext license.
Info: cpu: # 2019.03.31 14:40:22 (*)   Couldn't query license setup in Quartus directory C:/intelFPGA_lite/18.1/quartus/bin64/
Info: cpu: # 2019.03.31 14:40:22 (*)   Defaulting to contents of LM_LICENSE_FILE environment variable
Info: cpu: # 2019.03.31 14:40:22 (*)   LM_LICENSE_FILE environment variable is empty
Info: cpu: # 2019.03.31 14:40:22 (*)   Plaintext license not found.
Info: cpu: # 2019.03.31 14:40:22 (*)   No license required to generate encrypted Nios II/e.
Info: cpu: # 2019.03.31 14:40:22 (*)   Elaborating CPU configuration settings
Info: cpu: # 2019.03.31 14:40:22 (*)   Creating all objects for CPU
Info: cpu: # 2019.03.31 14:40:23 (*)   Generating RTL from CPU objects
Info: cpu: # 2019.03.31 14:40:23 (*)   Creating plain-text RTL
Info: cpu: # 2019.03.31 14:40:24 (*) Done Nios II generation
Info: cpu: Done RTL generation for module 'botassium_CPU_cpu'
Info: cpu: "CPU" instantiated altera_nios2_gen2_unit "cpu"
Info: CPU_data_master_translator: "mm_interconnect_0" instantiated altera_merlin_master_translator "CPU_data_master_translator"
Info: jtag_uart_0_avalon_jtag_slave_translator: "mm_interconnect_0" instantiated altera_merlin_slave_translator "jtag_uart_0_avalon_jtag_slave_translator"
Info: CPU_data_master_agent: "mm_interconnect_0" instantiated altera_merlin_master_agent "CPU_data_master_agent"
Info: jtag_uart_0_avalon_jtag_slave_agent: "mm_interconnect_0" instantiated altera_merlin_slave_agent "jtag_uart_0_avalon_jtag_slave_agent"
Info: jtag_uart_0_avalon_jtag_slave_agent_rsp_fifo: "mm_interconnect_0" instantiated altera_avalon_sc_fifo "jtag_uart_0_avalon_jtag_slave_agent_rsp_fifo"
Info: router: "mm_interconnect_0" instantiated altera_merlin_router "router"
Info: router_001: "mm_interconnect_0" instantiated altera_merlin_router "router_001"
Info: router_002: "mm_interconnect_0" instantiated altera_merlin_router "router_002"
Info: router_004: "mm_interconnect_0" instantiated altera_merlin_router "router_004"
Info: cmd_demux: "mm_interconnect_0" instantiated altera_merlin_demultiplexer "cmd_demux"
Info: cmd_demux_001: "mm_interconnect_0" instantiated altera_merlin_demultiplexer "cmd_demux_001"
Info: cmd_mux: "mm_interconnect_0" instantiated altera_merlin_multiplexer "cmd_mux"
Info: cmd_mux_002: "mm_interconnect_0" instantiated altera_merlin_multiplexer "cmd_mux_002"
Info: Reusing file H:/Maxime/Documents/Unif/Master/mecatro/Botassium_Programming/Botassium_FPGA/botassium/synthesis/submodules/altera_merlin_arbitrator.sv
Info: rsp_demux: "mm_interconnect_0" instantiated altera_merlin_demultiplexer "rsp_demux"
Info: rsp_mux: "mm_interconnect_0" instantiated altera_merlin_multiplexer "rsp_mux"
Info: Reusing file H:/Maxime/Documents/Unif/Master/mecatro/Botassium_Programming/Botassium_FPGA/botassium/synthesis/submodules/altera_merlin_arbitrator.sv
Info: rsp_mux_001: "mm_interconnect_0" instantiated altera_merlin_multiplexer "rsp_mux_001"
Info: Reusing file H:/Maxime/Documents/Unif/Master/mecatro/Botassium_Programming/Botassium_FPGA/botassium/synthesis/submodules/altera_merlin_arbitrator.sv
Info: avalon_st_adapter: "mm_interconnect_0" instantiated altera_avalon_st_adapter "avalon_st_adapter"
Info: error_adapter_0: "avalon_st_adapter" instantiated error_adapter "error_adapter_0"
Info: botassium: Done "botassium" with 29 modules, 43 files
Info: qsys-generate succeeded.
Info: Finished: Create HDL design files for synthesis
