Flow report for Botassium
Sat Mar 30 13:35:27 2019
Quartus Prime Version 18.1.0 Build 625 09/12/2018 SJ Lite Edition


---------------------
; Table of Contents ;
---------------------
  1. Legal Notice
  2. Flow Summary
  3. Flow Settings
  4. Flow Non-Default Global Settings
  5. Flow Elapsed Time
  6. Flow OS Summary
  7. Flow Log
  8. Flow Messages
  9. Flow Suppressed Messages



----------------
; Legal Notice ;
----------------
Copyright (C) 2018  Intel Corporation. All rights reserved.
Your use of Intel Corporation's design tools, logic functions 
and other software and tools, and its AMPP partner logic 
functions, and any output files from any of the foregoing 
(including device programming or simulation files), and any 
associated documentation or information are expressly subject 
to the terms and conditions of the Intel Program License 
Subscription Agreement, the Intel Quartus Prime License Agreement,
the Intel FPGA IP License Agreement, or other applicable license
agreement, including, without limitation, that your use is for
the sole purpose of programming logic devices manufactured by
Intel and sold by Intel or its authorized distributors.  Please
refer to the applicable agreement for further details.



+----------------------------------------------------------------------------------+
; Flow Summary                                                                     ;
+------------------------------------+---------------------------------------------+
; Flow Status                        ; Successful - Sat Mar 30 13:35:22 2019       ;
; Quartus Prime Version              ; 18.1.0 Build 625 09/12/2018 SJ Lite Edition ;
; Revision Name                      ; Botassium                                   ;
; Top-level Entity Name              ; Botassium                                   ;
; Family                             ; Cyclone IV E                                ;
; Device                             ; EP4CE22F17C6                                ;
; Timing Models                      ; Final                                       ;
; Total logic elements               ; 105 / 22,320 ( < 1 % )                      ;
;     Total combinational functions  ; 104 / 22,320 ( < 1 % )                      ;
;     Dedicated logic registers      ; 80 / 22,320 ( < 1 % )                       ;
; Total registers                    ; 80                                          ;
; Total pins                         ; 150 / 154 ( 97 % )                          ;
; Total virtual pins                 ; 0                                           ;
; Total memory bits                  ; 0 / 608,256 ( 0 % )                         ;
; Embedded Multiplier 9-bit elements ; 0 / 132 ( 0 % )                             ;
; Total PLLs                         ; 0 / 4 ( 0 % )                               ;
+------------------------------------+---------------------------------------------+


+-----------------------------------------+
; Flow Settings                           ;
+-------------------+---------------------+
; Option            ; Setting             ;
+-------------------+---------------------+
; Start date & time ; 03/30/2019 13:34:03 ;
; Main task         ; Compilation         ;
; Revision Name     ; Botassium           ;
+-------------------+---------------------+


+--------------------------------------------------------------------------------------------------------------------------------------------------------------+
; Flow Non-Default Global Settings                                                                                                                             ;
+-------------------------------------+----------------------------------------------------------------------+---------------+--------------------+------------+
; Assignment Name                     ; Value                                                                ; Default Value ; Entity Name        ; Section Id ;
+-------------------------------------+----------------------------------------------------------------------+---------------+--------------------+------------+
; COMPILER_SIGNATURE_ID               ; 123532101683878.155394924219268                                      ; --            ; --                 ; --         ;
; MAX_CORE_JUNCTION_TEMP              ; 85                                                                   ; --            ; --                 ; --         ;
; MIN_CORE_JUNCTION_TEMP              ; 0                                                                    ; --            ; --                 ; --         ;
; MISC_FILE                           ; INGI2315_lab2_sopc/synthesis/../INGI2315_lab2_sopc.cmp               ; --            ; --                 ; --         ;
; MISC_FILE                           ; INGI2315_lab2_sopc/synthesis/../../INGI2315_lab2_sopc.qsys           ; --            ; --                 ; --         ;
; PARTITION_COLOR                     ; -- (Not supported for targeted family)                               ; --            ; --                 ; Top        ;
; PARTITION_FITTER_PRESERVATION_LEVEL ; -- (Not supported for targeted family)                               ; --            ; --                 ; Top        ;
; PARTITION_NETLIST_TYPE              ; -- (Not supported for targeted family)                               ; --            ; --                 ; Top        ;
; POWER_BOARD_THERMAL_MODEL           ; None (CONSERVATIVE)                                                  ; --            ; --                 ; --         ;
; POWER_PRESET_COOLING_SOLUTION       ; 23 MM HEAT SINK WITH 200 LFPM AIRFLOW                                ; --            ; --                 ; --         ;
; SLD_FILE                            ; INGI2315_lab2_sopc/synthesis/INGI2315_lab2_sopc.regmap               ; --            ; --                 ; --         ;
; SLD_FILE                            ; INGI2315_lab2_sopc/synthesis/INGI2315_lab2_sopc.debuginfo            ; --            ; --                 ; --         ;
; SLD_INFO                            ; QSYS_NAME INGI2315_lab2_sopc HAS_SOPCINFO 1 GENERATION_ID 1553868102 ; --            ; INGI2315_lab2_sopc ; --         ;
; SOPCINFO_FILE                       ; INGI2315_lab2_sopc/synthesis/../../INGI2315_lab2_sopc.sopcinfo       ; --            ; --                 ; --         ;
; SYNTHESIS_ONLY_QIP                  ; On                                                                   ; --            ; --                 ; --         ;
+-------------------------------------+----------------------------------------------------------------------+---------------+--------------------+------------+


+--------------------------------------------------------------------------------------------------------------------------+
; Flow Elapsed Time                                                                                                        ;
+----------------------+--------------+-------------------------+---------------------+------------------------------------+
; Module Name          ; Elapsed Time ; Average Processors Used ; Peak Virtual Memory ; Total CPU Time (on all processors) ;
+----------------------+--------------+-------------------------+---------------------+------------------------------------+
; Analysis & Synthesis ; 00:01:05     ; 1.0                     ; 4791 MB             ; 00:01:51                           ;
; Fitter               ; 00:00:10     ; 1.0                     ; 5530 MB             ; 00:00:11                           ;
; Assembler            ; 00:00:02     ; 1.0                     ; 4695 MB             ; 00:00:02                           ;
; Timing Analyzer      ; 00:00:04     ; 1.0                     ; 4802 MB             ; 00:00:04                           ;
; Total                ; 00:01:21     ; --                      ; --                  ; 00:02:08                           ;
+----------------------+--------------+-------------------------+---------------------+------------------------------------+


+------------------------------------------------------------------------------------+
; Flow OS Summary                                                                    ;
+----------------------+------------------+------------+------------+----------------+
; Module Name          ; Machine Hostname ; OS Name    ; OS Version ; Processor type ;
+----------------------+------------------+------------+------------+----------------+
; Analysis & Synthesis ; DESKTOP-D3RCSK0  ; Windows 10 ; 10.0       ; x86_64         ;
; Fitter               ; DESKTOP-D3RCSK0  ; Windows 10 ; 10.0       ; x86_64         ;
; Assembler            ; DESKTOP-D3RCSK0  ; Windows 10 ; 10.0       ; x86_64         ;
; Timing Analyzer      ; DESKTOP-D3RCSK0  ; Windows 10 ; 10.0       ; x86_64         ;
+----------------------+------------------+------------+------------+----------------+


------------
; Flow Log ;
------------
quartus_map --read_settings_files=on --write_settings_files=off Botassium -c Botassium
quartus_fit --read_settings_files=off --write_settings_files=off Botassium -c Botassium
quartus_asm --read_settings_files=off --write_settings_files=off Botassium -c Botassium
quartus_sta Botassium -c Botassium



